# JRE version: OpenJDK Runtime Environment (11.0.10) (build 11.0.10+0-b96-7249189)
# Java VM: OpenJDK 64-Bit Server VM (11.0.10+0-b96-7249189, mixed mode, tiered, compressed oops, g1 gc, windows-amd64)
Heap:
 garbage-first heap   total 319488K, used 232834K [0x0000000080000000, 0x0000000100000000)
  region size 1024K, 120 young (122880K), 5 survivors (5120K)
 Metaspace       used 115637K, capacity 118616K, committed 118732K, reserved 1153024K
  class space    used 14398K, capacity 15465K, committed 15564K, reserved 1048576K
GC Heap History (20 events):
Event: 34.127 GC heap before
{Heap before GC invocations=40 (full 0):
 garbage-first heap   total 225280K, used 181096K [0x0000000080000000, 0x0000000100000000)
  region size 1024K, 68 young (69632K), 1 survivors (1024K)
 Metaspace       used 115020K, capacity 118016K, committed 118476K, reserved 1153024K
  class space    used 14364K, capacity 15438K, committed 15564K, reserved 1048576K
}
Event: 34.145 GC heap after
{Heap after GC invocations=41 (full 0):
 garbage-first heap   total 225280K, used 112137K [0x0000000080000000, 0x0000000100000000)
  region size 1024K, 1 young (1024K), 1 survivors (1024K)
 Metaspace       used 115020K, capacity 118016K, committed 118476K, reserved 1153024K
  class space    used 14364K, capacity 15438K, committed 15564K, reserved 1048576K
}
Event: 35.288 GC heap before
{Heap before GC invocations=42 (full 0):
 garbage-first heap   total 225280K, used 183817K [0x0000000080000000, 0x0000000100000000)
  region size 1024K, 71 young (72704K), 1 survivors (1024K)
 Metaspace       used 115071K, capacity 118085K, committed 118476K, reserved 1153024K
  class space    used 14367K, capacity 15439K, committed 15564K, reserved 1048576K
}
Event: 35.300 GC heap after
{Heap after GC invocations=43 (full 0):
 garbage-first heap   total 225280K, used 112333K [0x0000000080000000, 0x0000000100000000)
  region size 1024K, 1 young (1024K), 1 survivors (1024K)
 Metaspace       used 115071K, capacity 118085K, committed 118476K, reserved 1153024K
  class space    used 14367K, capacity 15439K, committed 15564K, reserved 1048576K
}
Event: 35.373 GC heap before
{Heap before GC invocations=43 (full 0):
 garbage-first heap   total 225280K, used 122573K [0x0000000080000000, 0x0000000100000000)
  region size 1024K, 11 young (11264K), 1 survivors (1024K)
 Metaspace       used 115072K, capacity 118085K, committed 118476K, reserved 1153024K
  class space    used 14367K, capacity 15439K, committed 15564K, reserved 1048576K
}
Event: 35.388 GC heap after
{Heap after GC invocations=44 (full 0):
 garbage-first heap   total 225280K, used 111170K [0x0000000080000000, 0x0000000100000000)
  region size 1024K, 1 young (1024K), 1 survivors (1024K)
 Metaspace       used 115072K, capacity 118085K, committed 118476K, reserved 1153024K
  class space    used 14367K, capacity 15439K, committed 15564K, reserved 1048576K
}
Event: 36.207 GC heap before
{Heap before GC invocations=44 (full 0):
 garbage-first heap   total 225280K, used 184898K [0x0000000080000000, 0x0000000100000000)
  region size 1024K, 73 young (74752K), 1 survivors (1024K)
 Metaspace       used 115146K, capacity 118092K, committed 118476K, reserved 1153024K
  class space    used 14373K, capacity 15440K, committed 15564K, reserved 1048576K
}
Event: 36.214 GC heap after
{Heap after GC invocations=45 (full 0):
 garbage-first heap   total 225280K, used 111774K [0x0000000080000000, 0x0000000100000000)
  region size 1024K, 2 young (2048K), 2 survivors (2048K)
 Metaspace       used 115146K, capacity 118092K, committed 118476K, reserved 1153024K
  class space    used 14373K, capacity 15440K, committed 15564K, reserved 1048576K
}
Event: 36.711 GC heap before
{Heap before GC invocations=45 (full 0):
 garbage-first heap   total 225280K, used 186526K [0x0000000080000000, 0x0000000100000000)
  region size 1024K, 75 young (76800K), 2 survivors (2048K)
 Metaspace       used 115176K, capacity 118158K, committed 118476K, reserved 1153024K
  class space    used 14374K, capacity 15440K, committed 15564K, reserved 1048576K
}
Event: 36.719 GC heap after
{Heap after GC invocations=46 (full 0):
 garbage-first heap   total 225280K, used 112050K [0x0000000080000000, 0x0000000100000000)
  region size 1024K, 2 young (2048K), 2 survivors (2048K)
 Metaspace       used 115176K, capacity 118158K, committed 118476K, reserved 1153024K
  class space    used 14374K, capacity 15440K, committed 15564K, reserved 1048576K
}
Event: 37.025 GC heap before
{Heap before GC invocations=46 (full 0):
 garbage-first heap   total 225280K, used 187826K [0x0000000080000000, 0x0000000100000000)
  region size 1024K, 76 young (77824K), 2 survivors (2048K)
 Metaspace       used 115201K, capacity 118160K, committed 118476K, reserved 1153024K
  class space    used 14374K, capacity 15440K, committed 15564K, reserved 1048576K
}
Event: 37.033 GC heap after
{Heap after GC invocations=47 (full 0):
 garbage-first heap   total 225280K, used 113008K [0x0000000080000000, 0x0000000100000000)
  region size 1024K, 3 young (3072K), 3 survivors (3072K)
 Metaspace       used 115201K, capacity 118160K, committed 118476K, reserved 1153024K
  class space    used 14374K, capacity 15440K, committed 15564K, reserved 1048576K
}
Event: 37.422 GC heap before
{Heap before GC invocations=47 (full 0):
 garbage-first heap   total 225280K, used 188784K [0x0000000080000000, 0x0000000100000000)
  region size 1024K, 77 young (78848K), 3 survivors (3072K)
 Metaspace       used 115410K, capacity 118355K, committed 118732K, reserved 1153024K
  class space    used 14379K, capacity 15448K, committed 15564K, reserved 1048576K
}
Event: 37.430 GC heap after
{Heap after GC invocations=48 (full 0):
 garbage-first heap   total 225280K, used 114933K [0x0000000080000000, 0x0000000100000000)
  region size 1024K, 5 young (5120K), 5 survivors (5120K)
 Metaspace       used 115410K, capacity 118355K, committed 118732K, reserved 1153024K
  class space    used 14379K, capacity 15448K, committed 15564K, reserved 1048576K
}
Event: 37.656 GC heap before
{Heap before GC invocations=48 (full 0):
 garbage-first heap   total 225280K, used 189685K [0x0000000080000000, 0x0000000100000000)
  region size 1024K, 78 young (79872K), 5 survivors (5120K)
 Metaspace       used 115447K, capacity 118439K, committed 118732K, reserved 1153024K
  class space    used 14383K, capacity 15455K, committed 15564K, reserved 1048576K
}
Event: 37.664 GC heap after
{Heap after GC invocations=49 (full 0):
 garbage-first heap   total 225280K, used 115563K [0x0000000080000000, 0x0000000100000000)
  region size 1024K, 6 young (6144K), 6 survivors (6144K)
 Metaspace       used 115447K, capacity 118439K, committed 118732K, reserved 1153024K
  class space    used 14383K, capacity 15455K, committed 15564K, reserved 1048576K
}
Event: 38.150 GC heap before
{Heap before GC invocations=49 (full 0):
 garbage-first heap   total 225280K, used 191339K [0x0000000080000000, 0x0000000100000000)
  region size 1024K, 80 young (81920K), 6 survivors (6144K)
 Metaspace       used 115509K, capacity 118463K, committed 118732K, reserved 1153024K
  class space    used 14387K, capacity 15462K, committed 15564K, reserved 1048576K
}
Event: 38.211 GC heap after
{Heap after GC invocations=50 (full 0):
 garbage-first heap   total 225280K, used 117091K [0x0000000080000000, 0x0000000100000000)
  region size 1024K, 7 young (7168K), 7 survivors (7168K)
 Metaspace       used 115509K, capacity 118463K, committed 118732K, reserved 1153024K
  class space    used 14387K, capacity 15462K, committed 15564K, reserved 1048576K
}
Event: 40.537 GC heap before
{Heap before GC invocations=50 (full 0):
 garbage-first heap   total 225280K, used 191843K [0x0000000080000000, 0x0000000100000000)
  region size 1024K, 80 young (81920K), 7 survivors (7168K)
 Metaspace       used 115606K, capacity 118550K, committed 118732K, reserved 1153024K
  class space    used 14396K, capacity 15465K, committed 15564K, reserved 1048576K
}
Event: 40.645 GC heap after
{Heap after GC invocations=51 (full 0):
 garbage-first heap   total 319488K, used 116098K [0x0000000080000000, 0x0000000100000000)
  region size 1024K, 5 young (5120K), 5 survivors (5120K)
 Metaspace       used 115606K, capacity 118550K, committed 118732K, reserved 1153024K
  class space    used 14396K, capacity 15465K, committed 15564K, reserved 1048576K
}

